Quick-Cocos2d-x C++ support ready.

------------------------------------------------

LOAD LUA FILE: D:/cocos/para/src/main.lua

------------------------------------------------

[LUA-print] ===========================================================

[LUA-print]               LOAD QUICK FRAMEWORK

[LUA-print] ===========================================================

[LUA-print] [INFO] 

[LUA-print] [INFO] # DEBUG                        = 1

[LUA-print] [INFO] #

[LUA-print] [INFO] # device.platform              = windows

[LUA-print] [INFO] # device.model                 = unknown

[LUA-print] [INFO] # device.language              = cn

[LUA-print] [INFO] # device.writablePath          = D:\cocos\para\

[LUA-print] [INFO] # device.directorySeparator    = \

[LUA-print] [INFO] # device.pathSeparator         = ;

[LUA-print] [INFO] #

[LUA-print] [INFO] # CONFIG_SCREEN_AUTOSCALE      = FIXED_HEIGHT

[LUA-print] [INFO] # CONFIG_SCREEN_WIDTH          = 960.00

[LUA-print] [INFO] # CONFIG_SCREEN_HEIGHT         = 640.00

[LUA-print] [INFO] # display.widthInPixels        = 960.00

[LUA-print] [INFO] # display.heightInPixels       = 640.00

[LUA-print] [INFO] # display.contentScaleFactor   = 1.00

[LUA-print] [INFO] # display.width                = 960.00

[LUA-print] [INFO] # display.height               = 640.00

[LUA-print] [INFO] # display.cx                   = 480.00

[LUA-print] [INFO] # display.cy                   = 320.00

[LUA-print] [INFO] # display.left                 = 0.00

[LUA-print] [INFO] # display.right                = 960.00

[LUA-print] [INFO] # display.top                  = 640.00

[LUA-print] [INFO] # display.bottom               = 0.00

[LUA-print] [INFO] # display.c_left               = -480.00

[LUA-print] [INFO] # display.c_right              = 480.00

[LUA-print] [INFO] # display.c_top                = 320.00

[LUA-print] [INFO] # display.c_bottom             = -320.00

[LUA-print] [INFO] #

[LUA-print] 223	287.99996948242

[LUA-print] 352.99996948242	266.99996948242

[LUA-print] 354	266.99996948242

[LUA-print] 358.99996948242	266.99996948242

[LUA-print] 358.99996948242	266.99996948242

[LUA-print] 373.99996948242	265.99996948242

[LUA-print] 213	297.99996948242

[LUA-print] 213	297.99996948242

[LUA-print] 279	284.99996948242

[LUA-print] 317	275.99996948242

[LUA-print] 401.99996948242	251.99998474121

[LUA-print] 497	229

[LUA-print] 185.99996948242	619.99993896484

[LUA-print] 298	607.99993896484

[LUA-print] 374.99996948242	599.99993896484

[LUA-print] 588.99993896484	557.99993896484

[LUA-print] 597.99993896484	554.99993896484

